<?xml version="1.0" encoding="UTF-8"?>
<!-- Generated by org.testng.reporters.JUnitReportReporter -->
<testsuite skipped="0" hostname="LAPTOP-RKQUPA26" name="testfeature.LoginTest" tests="1" failures="0" timestamp="2020-03-23T13:18:13 IST" time="0.028" errors="0">
  <testcase name="logintest_tc01" time="0.028" classname="testfeature.LoginTest"/>
  <system-out/>
</testsuite> <!-- testfeature.LoginTest -->
